0 info it worked if it ends with ok
1 verbose cli [ 'C:\\nodejs\\\\node.exe',
1 verbose cli   'C:\\nodejs\\node_modules\\npm\\bin\\npm-cli.js',
1 verbose cli   'install' ]
2 info using npm@1.4.28
3 info using node@v0.10.32
4 verbose node symlink C:\nodejs\\node.exe
5 warn package.json polls@0.0.0 No repository field.
6 verbose readDependencies using package.json deps
7 verbose install where, deps [ 'C:\\workspace\\yeoman\\polls',
7 verbose install   [ 'grunt',
7 verbose install     'grunt-autoprefixer',
7 verbose install     'grunt-build-control',
7 verbose install     'grunt-wiredep',
7 verbose install     'grunt-cli',
7 verbose install     'grunt-contrib-copy',
7 verbose install     'grunt-concurrent',
7 verbose install     'grunt-connect-proxy',
7 verbose install     'grunt-contrib-clean',
7 verbose install     'grunt-contrib-concat',
7 verbose install     'grunt-contrib-connect',
7 verbose install     'grunt-contrib-cssmin',
7 verbose install     'grunt-contrib-htmlmin',
7 verbose install     'grunt-contrib-imagemin',
7 verbose install     'grunt-contrib-jshint',
7 verbose install     'grunt-contrib-uglify',
7 verbose install     'grunt-contrib-watch',
7 verbose install     'grunt-modernizr',
7 verbose install     'grunt-ng-annotate',
7 verbose install     'grunt-rev',
7 verbose install     'grunt-svgmin',
7 verbose install     'grunt-text-replace',
7 verbose install     'grunt-usemin',
7 verbose install     'load-grunt-tasks',
7 verbose install     'grunt-karma',
7 verbose install     'time-grunt',
7 verbose install     'event-stream',
7 verbose install     'karma-script-launcher',
7 verbose install     'karma-chrome-launcher',
7 verbose install     'karma-html2js-preprocessor',
7 verbose install     'karma-jasmine',
7 verbose install     'karma-requirejs',
7 verbose install     'karma-phantomjs-launcher',
7 verbose install     'karma',
7 verbose install     'bower',
7 verbose install     'bower-install',
7 verbose install     'lodash' ] ]
8 info preinstall polls@0.0.0
9 verbose readDependencies using package.json deps
10 verbose already installed skipping grunt@0.4.5 C:\workspace\yeoman\polls
11 verbose already installed skipping grunt-autoprefixer@0.7.5 C:\workspace\yeoman\polls
12 verbose already installed skipping grunt-build-control@0.1.3 C:\workspace\yeoman\polls
13 verbose already installed skipping grunt-wiredep@1.8.0 C:\workspace\yeoman\polls
14 verbose already installed skipping grunt-cli@0.1.13 C:\workspace\yeoman\polls
15 verbose already installed skipping grunt-contrib-copy@0.5.0 C:\workspace\yeoman\polls
16 verbose already installed skipping grunt-concurrent@0.5.0 C:\workspace\yeoman\polls
17 verbose already installed skipping grunt-connect-proxy@0.1.10 C:\workspace\yeoman\polls
18 verbose already installed skipping grunt-contrib-clean@0.5.0 C:\workspace\yeoman\polls
19 verbose already installed skipping grunt-contrib-concat@0.4.0 C:\workspace\yeoman\polls
20 verbose already installed skipping grunt-contrib-connect@0.8.0 C:\workspace\yeoman\polls
21 verbose already installed skipping grunt-contrib-cssmin@0.9.0 C:\workspace\yeoman\polls
22 verbose already installed skipping grunt-contrib-htmlmin@0.3.0 C:\workspace\yeoman\polls
23 verbose already installed skipping grunt-contrib-imagemin@0.7.1 C:\workspace\yeoman\polls
24 verbose already installed skipping grunt-contrib-jshint@0.10.0 C:\workspace\yeoman\polls
25 verbose already installed skipping grunt-contrib-uglify@0.4.0 C:\workspace\yeoman\polls
26 verbose already installed skipping grunt-contrib-watch@0.6.1 C:\workspace\yeoman\polls
27 verbose already installed skipping grunt-modernizr@0.5.2 C:\workspace\yeoman\polls
28 verbose already installed skipping grunt-ng-annotate@0.3.2 C:\workspace\yeoman\polls
29 verbose already installed skipping grunt-rev@0.1.0 C:\workspace\yeoman\polls
30 verbose already installed skipping grunt-svgmin@0.4.0 C:\workspace\yeoman\polls
31 verbose already installed skipping grunt-text-replace@0.3.12 C:\workspace\yeoman\polls
32 verbose already installed skipping grunt-usemin@2.2.0 C:\workspace\yeoman\polls
33 verbose already installed skipping load-grunt-tasks@0.5.0 C:\workspace\yeoman\polls
34 verbose already installed skipping grunt-karma@0.8.3 C:\workspace\yeoman\polls
35 verbose already installed skipping time-grunt@0.3.2 C:\workspace\yeoman\polls
36 verbose already installed skipping event-stream@3.1.5 C:\workspace\yeoman\polls
37 verbose already installed skipping karma-script-launcher@0.1.0 C:\workspace\yeoman\polls
38 verbose already installed skipping karma-chrome-launcher@0.1.4 C:\workspace\yeoman\polls
39 verbose already installed skipping karma-html2js-preprocessor@0.1.0 C:\workspace\yeoman\polls
40 verbose already installed skipping karma-jasmine@0.2.2 C:\workspace\yeoman\polls
41 verbose already installed skipping karma-requirejs@0.2.2 C:\workspace\yeoman\polls
42 verbose already installed skipping karma-phantomjs-launcher@0.1.4 C:\workspace\yeoman\polls
43 verbose already installed skipping karma@0.12.16 C:\workspace\yeoman\polls
44 verbose already installed skipping bower@1.3.5 C:\workspace\yeoman\polls
45 verbose cache add [ 'bower-install@1.6.0', null ]
46 verbose cache add name=undefined spec="bower-install@1.6.0" args=["bower-install@1.6.0",null]
47 verbose parsed url { protocol: null,
47 verbose parsed url   slashes: null,
47 verbose parsed url   auth: null,
47 verbose parsed url   host: null,
47 verbose parsed url   port: null,
47 verbose parsed url   hostname: null,
47 verbose parsed url   hash: null,
47 verbose parsed url   search: null,
47 verbose parsed url   query: null,
47 verbose parsed url   pathname: 'bower-install@1.6.0',
47 verbose parsed url   path: 'bower-install@1.6.0',
47 verbose parsed url   href: 'bower-install@1.6.0' }
48 verbose already installed skipping lodash@2.4.1 C:\workspace\yeoman\polls
49 verbose cache add name="bower-install" spec="1.6.0" args=["bower-install","1.6.0"]
50 verbose parsed url { protocol: null,
50 verbose parsed url   slashes: null,
50 verbose parsed url   auth: null,
50 verbose parsed url   host: null,
50 verbose parsed url   port: null,
50 verbose parsed url   hostname: null,
50 verbose parsed url   hash: null,
50 verbose parsed url   search: null,
50 verbose parsed url   query: null,
50 verbose parsed url   pathname: '1.6.0',
50 verbose parsed url   path: '1.6.0',
50 verbose parsed url   href: '1.6.0' }
51 verbose addNamed [ 'bower-install', '1.6.0' ]
52 verbose addNamed [ '1.6.0', '1.6.0' ]
53 silly lockFile 5f8da27c-bower-install-1-6-0 bower-install@1.6.0
54 verbose lock bower-install@1.6.0 C:\Users\sago.MIMACOM\AppData\Roaming\npm-cache\5f8da27c-bower-install-1-6-0.lock
55 verbose request where is /bower-install
56 verbose request registry https://registry.npmjs.org/
57 verbose request id 4c9e4f827c841cf3
58 verbose url raw /bower-install
59 verbose url resolving [ 'https://registry.npmjs.org/', './bower-install' ]
60 verbose url resolved https://registry.npmjs.org/bower-install
61 verbose request where is https://registry.npmjs.org/bower-install
62 info trying registry request attempt 1 at 14:00:21
63 http GET https://registry.npmjs.org/bower-install
64 http 404 https://registry.npmjs.org/bower-install
65 verbose headers { date: 'Sat, 04 Oct 2014 12:00:26 GMT',
65 verbose headers   server: 'CouchDB/1.5.0 (Erlang OTP/R16B03)',
65 verbose headers   'content-type': 'application/json',
65 verbose headers   'cache-control': 'max-age=0',
65 verbose headers   'content-length': '52',
65 verbose headers   'accept-ranges': 'bytes',
65 verbose headers   via: '1.1 varnish',
65 verbose headers   age: '0',
65 verbose headers   'x-served-by': 'cache-lo83-LHR',
65 verbose headers   'x-cache': 'MISS',
65 verbose headers   'x-cache-hits': '0',
65 verbose headers   'x-timer': 'S1412424026.149357,VS0,VE658',
65 verbose headers   'keep-alive': 'timeout=10, max=50',
65 verbose headers   connection: 'Keep-Alive' }
66 silly registry.get cb [ 404,
66 silly registry.get   { date: 'Sat, 04 Oct 2014 12:00:26 GMT',
66 silly registry.get     server: 'CouchDB/1.5.0 (Erlang OTP/R16B03)',
66 silly registry.get     'content-type': 'application/json',
66 silly registry.get     'cache-control': 'max-age=0',
66 silly registry.get     'content-length': '52',
66 silly registry.get     'accept-ranges': 'bytes',
66 silly registry.get     via: '1.1 varnish',
66 silly registry.get     age: '0',
66 silly registry.get     'x-served-by': 'cache-lo83-LHR',
66 silly registry.get     'x-cache': 'MISS',
66 silly registry.get     'x-cache-hits': '0',
66 silly registry.get     'x-timer': 'S1412424026.149357,VS0,VE658',
66 silly registry.get     'keep-alive': 'timeout=10, max=50',
66 silly registry.get     connection: 'Keep-Alive' } ]
67 silly lockFile 5f8da27c-bower-install-1-6-0 bower-install@1.6.0
68 silly lockFile 5f8da27c-bower-install-1-6-0 bower-install@1.6.0
69 error 404 404 Not Found: bower-install
69 error 404
69 error 404 'bower-install' is not in the npm registry.
69 error 404 You should bug the author to publish it
69 error 404 It was specified as a dependency of 'polls'
69 error 404
69 error 404 Note that you can also install from a
69 error 404 tarball, folder, or http url, or git url.
70 error System Windows_NT 6.1.7601
71 error command "C:\\nodejs\\\\node.exe" "C:\\nodejs\\node_modules\\npm\\bin\\npm-cli.js" "install"
72 error cwd C:\workspace\yeoman\polls
73 error node -v v0.10.32
74 error npm -v 1.4.28
75 error code E404
76 verbose exit [ 1, true ]
